Nis 02, 2020 11:29:30 PM q2.Main main
INFO: --------------- TEST READ (WITH ITERATOR) METHODS  ---------------
Nis 02, 2020 11:29:30 PM q2.SimpleTextEditor Read
INFO: Data read from "text.txt" file with using iterator
Nis 02, 2020 11:29:30 PM q2.SimpleTextEditor print_logfile
INFO: Current list stuation : 	F,o,r,o,v,e,r,t,h,o,u,s,a,n,d,s,o,f,y,e,a,r,s,,,h,u,m,a,n,s,h,a,v,e,k,e,p,t,a,n,i,m,a,l,s,s,u,c,h,a,s,b,i,r,d,s,,,c,a,t,s,a,n,d,d,o,g,s,a,s,t,h,e,i,r,p,e,t,s,.,M,a,n,y,p,e,o,p,l,e,h,a,v,e,d,e,v,e,l,o,p,e,d,s,u,c,h,c,l,o,s,e,r,e,l,a,t,i,o,n,s,h,i,p,w,i,t,h,t,h,e,i,r,p,e,t,s,t,h,a,t,t,h,e,y,t,r,e,a,t,t,h,e,i,r,p,e,t,s,a,s,m,e,m,b,e,r,s,o,f,t,h,e,i,r,f,a,m,i,l,y,.,S,o,m,e,p,e,t,s,p,r,o,t,e,c,t,t,h,e,i,r,o,w,n,e,r,s,f,r,o,m,t,h,r,e,a,t,s,.,T,h,i,s,i,s,j,u,s,t,o,n,e,a,d,v,a,n,t,a,g,e,o,f,h,a,v,i,n,g,a,p,e,t,.,O,n,t,h,e,o,t,h,e,r,h,a,n,d,,,t,h,e,r,e,a,r,e,s,o,m,e,d,i,s,a,d,v,a,n,t,a,g,e,s,s,u,c,h,a,s,p,e,t,s,’,b,e,i,n,g,e,x,p,e,n,s,i,v,e,t,o,t,a,k,e,c,a,r,e,o,f,.,T,o,s,t,a,r,t,w,i,t,h,,,p,e,t,s,a,r,e,g,r,e,a,t,c,o,m,p,a,n,i,o,n,s,f,o,r,t,h,e,i,r,o,w,n,e,r,s,a,n,d,s,h,a,r,e,t,h,e,i,r,l,o,n,e,l,i,n,e,s,s,.,P,e,t,s,s,u,c,h,a,s,d,o,g,s,f,o,l,l,o,w,t,h,e,i,r,o,w,n,e,r,s,',o,r,d,e,r,s,a,n,d,t,h,e,y,a,l,s,o,l,i,k,e,t,o,p,l,a,y,w,i,t,h,t,h,e,i,r,o,w,n,e,r,s,.,E,v,e,n,i,f,o,n,e,i,s,a,l,l,a,l,o,n,e,,,t,h,e,i,r,p,e,t,w,i,l,l,a,l,w,a,y,s,b,e,t,h,e,r,e,f,o,r,t,h,e,m,.,M,o,r,e,o,v,e,r,,,p,e,t,s,s,u,c,h,a,s,d,o,g,s,m,a,k,e,t,h,e,i,r,o,w,n,e,r,s,f,e,e,l,s,e,c,u,r,e,b,y,p,r,o,t,e,c,t,i,n,g,t,h,e,m,f,r,o,m,v,a,r,i,o,u,s,t,h,r,e,a,t,s,.,F,o,r,i,n,s,t,a,n,c,e,,,i,f,a,d,o,g,',s,o,w,n,e,r,i,s,a,t,t,a,c,k,e,d,b,y,s,o,m,e,o,n,e,,,i,t,w,i,l,l,r,e,s,p,o,n,d,b,y,b,a,r,k,i,n,g,o,r,e,v,e,n,a,t,t,a,c,k,i,n,g,t,h,e,a,t,t,a,c,k,e,r,.,A,n,o,t,h,e,r,a,d,v,a,n,t,a,g,e,o,f,k,e,e,p,i,n,g,a,p,e,t,i,s,t,h,a,t,h,o,m,e,l,e,s,s,a,n,i,m,a,l,s,f,i,n,d,t,h,e,m,s,e,l,v,e,s,a,h,o,m,e,.,O,t,h,e,r,w,i,s,e,,,t,h,o,s,e,a,n,i,m,a,l,s,c,o,u,l,d,g,e,t,h,u,r,t,s,t,a,y,i,n,g,o,u,t,s,i,d,e,.,T,h,e,y,m,i,g,h,t,n,o,t,f,i,n,d,f,o,o,d,o,r,g,e,t,i,n,f,e,c,t,e,d,s,i,n,c,e,t,h,e,y,a,r,e,n,o,t,v,a,c,c,i,n,a,t,e,d,.,M,o,r,e,o,v,e,r,,,t,h,e,y,f,i,n,d,n,e,w,f,r,i,e,n,d,s,w,h,e,n,t,h,e,y,f,i,n,d,a,n,e,w,h,o,m,e,.,P,e,t,s,a,r,e,e,n,j,o,y,e,d,b,y,c,h,i,l,d,r,e,n,a,n,d,c,h,i,l,d,r,e,n,b,e,c,o,m,e,t,h,e,i,r,b,e,s,t,f,r,i,e,n,d,s,.,
Nis 02, 2020 11:29:30 PM q2.Main main
INFO: Working time : 10472500 ns
Nis 02, 2020 11:29:30 PM q2.Main main
INFO: --------------- TEST READ (WITHOUT ITERATOR) METHODS  ---------------
Nis 02, 2020 11:29:30 PM q2.SimpleTextEditor Read
INFO: Data read from "text.txt" file with using iterator
Nis 02, 2020 11:29:30 PM q2.SimpleTextEditor print_logfile
INFO: Current list stuation : 	F,o,r,o,v,e,r,t,h,o,u,s,a,n,d,s,o,f,y,e,a,r,s,,,h,u,m,a,n,s,h,a,v,e,k,e,p,t,a,n,i,m,a,l,s,s,u,c,h,a,s,b,i,r,d,s,,,c,a,t,s,a,n,d,d,o,g,s,a,s,t,h,e,i,r,p,e,t,s,.,M,a,n,y,p,e,o,p,l,e,h,a,v,e,d,e,v,e,l,o,p,e,d,s,u,c,h,c,l,o,s,e,r,e,l,a,t,i,o,n,s,h,i,p,w,i,t,h,t,h,e,i,r,p,e,t,s,t,h,a,t,t,h,e,y,t,r,e,a,t,t,h,e,i,r,p,e,t,s,a,s,m,e,m,b,e,r,s,o,f,t,h,e,i,r,f,a,m,i,l,y,.,S,o,m,e,p,e,t,s,p,r,o,t,e,c,t,t,h,e,i,r,o,w,n,e,r,s,f,r,o,m,t,h,r,e,a,t,s,.,T,h,i,s,i,s,j,u,s,t,o,n,e,a,d,v,a,n,t,a,g,e,o,f,h,a,v,i,n,g,a,p,e,t,.,O,n,t,h,e,o,t,h,e,r,h,a,n,d,,,t,h,e,r,e,a,r,e,s,o,m,e,d,i,s,a,d,v,a,n,t,a,g,e,s,s,u,c,h,a,s,p,e,t,s,’,b,e,i,n,g,e,x,p,e,n,s,i,v,e,t,o,t,a,k,e,c,a,r,e,o,f,.,T,o,s,t,a,r,t,w,i,t,h,,,p,e,t,s,a,r,e,g,r,e,a,t,c,o,m,p,a,n,i,o,n,s,f,o,r,t,h,e,i,r,o,w,n,e,r,s,a,n,d,s,h,a,r,e,t,h,e,i,r,l,o,n,e,l,i,n,e,s,s,.,P,e,t,s,s,u,c,h,a,s,d,o,g,s,f,o,l,l,o,w,t,h,e,i,r,o,w,n,e,r,s,',o,r,d,e,r,s,a,n,d,t,h,e,y,a,l,s,o,l,i,k,e,t,o,p,l,a,y,w,i,t,h,t,h,e,i,r,o,w,n,e,r,s,.,E,v,e,n,i,f,o,n,e,i,s,a,l,l,a,l,o,n,e,,,t,h,e,i,r,p,e,t,w,i,l,l,a,l,w,a,y,s,b,e,t,h,e,r,e,f,o,r,t,h,e,m,.,M,o,r,e,o,v,e,r,,,p,e,t,s,s,u,c,h,a,s,d,o,g,s,m,a,k,e,t,h,e,i,r,o,w,n,e,r,s,f,e,e,l,s,e,c,u,r,e,b,y,p,r,o,t,e,c,t,i,n,g,t,h,e,m,f,r,o,m,v,a,r,i,o,u,s,t,h,r,e,a,t,s,.,F,o,r,i,n,s,t,a,n,c,e,,,i,f,a,d,o,g,',s,o,w,n,e,r,i,s,a,t,t,a,c,k,e,d,b,y,s,o,m,e,o,n,e,,,i,t,w,i,l,l,r,e,s,p,o,n,d,b,y,b,a,r,k,i,n,g,o,r,e,v,e,n,a,t,t,a,c,k,i,n,g,t,h,e,a,t,t,a,c,k,e,r,.,A,n,o,t,h,e,r,a,d,v,a,n,t,a,g,e,o,f,k,e,e,p,i,n,g,a,p,e,t,i,s,t,h,a,t,h,o,m,e,l,e,s,s,a,n,i,m,a,l,s,f,i,n,d,t,h,e,m,s,e,l,v,e,s,a,h,o,m,e,.,O,t,h,e,r,w,i,s,e,,,t,h,o,s,e,a,n,i,m,a,l,s,c,o,u,l,d,g,e,t,h,u,r,t,s,t,a,y,i,n,g,o,u,t,s,i,d,e,.,T,h,e,y,m,i,g,h,t,n,o,t,f,i,n,d,f,o,o,d,o,r,g,e,t,i,n,f,e,c,t,e,d,s,i,n,c,e,t,h,e,y,a,r,e,n,o,t,v,a,c,c,i,n,a,t,e,d,.,M,o,r,e,o,v,e,r,,,t,h,e,y,f,i,n,d,n,e,w,f,r,i,e,n,d,s,w,h,e,n,t,h,e,y,f,i,n,d,a,n,e,w,h,o,m,e,.,P,e,t,s,a,r,e,e,n,j,o,y,e,d,b,y,c,h,i,l,d,r,e,n,a,n,d,c,h,i,l,d,r,e,n,b,e,c,o,m,e,t,h,e,i,r,b,e,s,t,f,r,i,e,n,d,s,.,
Nis 02, 2020 11:29:30 PM q2.Main main
INFO: Working time : 4015400 ns
Nis 02, 2020 11:29:30 PM q2.Main main
INFO: --------------- TEST FIND (WITH ITERATOR) METHODS  ---------------
Nis 02, 2020 11:29:30 PM q2.SimpleTextEditor Find
INFO: Program searchs "best" with using iterator.
Nis 02, 2020 11:29:30 PM q2.SimpleTextEditor Find
INFO: Program finds "best" ,index is 982
Nis 02, 2020 11:29:30 PM q2.SimpleTextEditor Find
INFO: Program searchs "outside" with using iterator.
Nis 02, 2020 11:29:30 PM q2.SimpleTextEditor Find
INFO: Program finds "outside" ,index is 821
Nis 02, 2020 11:29:30 PM q2.SimpleTextEditor Find
INFO: Program searchs "longest" with using iterator.
Nis 02, 2020 11:29:30 PM q2.SimpleTextEditor Find
WARNING: There is no "longest".
Nis 02, 2020 11:29:30 PM q2.Main main
INFO: Working time : 3129900 ns
Nis 02, 2020 11:29:30 PM q2.Main main
INFO: --------------- TEST FIND (WITHOUT ITERATOR) METHODS  ---------------
Nis 02, 2020 11:29:30 PM q2.SimpleTextEditor Find_without_iter
INFO: Program searchs "best" without using iterator.
Nis 02, 2020 11:29:30 PM q2.SimpleTextEditor Find_without_iter
INFO: Program finds "best",index is 982
Nis 02, 2020 11:29:30 PM q2.SimpleTextEditor Find_without_iter
INFO: Program searchs "outside" without using iterator.
Nis 02, 2020 11:29:30 PM q2.SimpleTextEditor Find_without_iter
INFO: Program finds "outside",index is 821
Nis 02, 2020 11:29:30 PM q2.SimpleTextEditor Find_without_iter
INFO: Program searchs "longest" without using iterator.
Nis 02, 2020 11:29:30 PM q2.SimpleTextEditor Find_without_iter
WARNING: There is no "longest".
Nis 02, 2020 11:29:30 PM q2.Main main
INFO: Working time : 2692900 ns
Nis 02, 2020 11:29:30 PM q2.Main main
INFO: --------------- TEST ADD (WITH ITERATOR) METHODS  ---------------
Nis 02, 2020 11:29:30 PM q2.SimpleTextEditor Add
INFO: "vocabluary" element added to list with using iterator at 1 index.
Nis 02, 2020 11:29:30 PM q2.SimpleTextEditor print_logfile
INFO: Current list stuation : 	F,v,o,c,a,b,l,u,a,r,y,o,r,o,v,e,r,t,h,o,u,s,a,n,d,s,o,f,y,e,a,r,s,,,h,u,m,a,n,s,h,a,v,e,k,e,p,t,a,n,i,m,a,l,s,s,u,c,h,a,s,b,i,r,d,s,,,c,a,t,s,a,n,d,d,o,g,s,a,s,t,h,e,i,r,p,e,t,s,.,M,a,n,y,p,e,o,p,l,e,h,a,v,e,d,e,v,e,l,o,p,e,d,s,u,c,h,c,l,o,s,e,r,e,l,a,t,i,o,n,s,h,i,p,w,i,t,h,t,h,e,i,r,p,e,t,s,t,h,a,t,t,h,e,y,t,r,e,a,t,t,h,e,i,r,p,e,t,s,a,s,m,e,m,b,e,r,s,o,f,t,h,e,i,r,f,a,m,i,l,y,.,S,o,m,e,p,e,t,s,p,r,o,t,e,c,t,t,h,e,i,r,o,w,n,e,r,s,f,r,o,m,t,h,r,e,a,t,s,.,T,h,i,s,i,s,j,u,s,t,o,n,e,a,d,v,a,n,t,a,g,e,o,f,h,a,v,i,n,g,a,p,e,t,.,O,n,t,h,e,o,t,h,e,r,h,a,n,d,,,t,h,e,r,e,a,r,e,s,o,m,e,d,i,s,a,d,v,a,n,t,a,g,e,s,s,u,c,h,a,s,p,e,t,s,’,b,e,i,n,g,e,x,p,e,n,s,i,v,e,t,o,t,a,k,e,c,a,r,e,o,f,.,T,o,s,t,a,r,t,w,i,t,h,,,p,e,t,s,a,r,e,g,r,e,a,t,c,o,m,p,a,n,i,o,n,s,f,o,r,t,h,e,i,r,o,w,n,e,r,s,a,n,d,s,h,a,r,e,t,h,e,i,r,l,o,n,e,l,i,n,e,s,s,.,P,e,t,s,s,u,c,h,a,s,d,o,g,s,f,o,l,l,o,w,t,h,e,i,r,o,w,n,e,r,s,',o,r,d,e,r,s,a,n,d,t,h,e,y,a,l,s,o,l,i,k,e,t,o,p,l,a,y,w,i,t,h,t,h,e,i,r,o,w,n,e,r,s,.,E,v,e,n,i,f,o,n,e,i,s,a,l,l,a,l,o,n,e,,,t,h,e,i,r,p,e,t,w,i,l,l,a,l,w,a,y,s,b,e,t,h,e,r,e,f,o,r,t,h,e,m,.,M,o,r,e,o,v,e,r,,,p,e,t,s,s,u,c,h,a,s,d,o,g,s,m,a,k,e,t,h,e,i,r,o,w,n,e,r,s,f,e,e,l,s,e,c,u,r,e,b,y,p,r,o,t,e,c,t,i,n,g,t,h,e,m,f,r,o,m,v,a,r,i,o,u,s,t,h,r,e,a,t,s,.,F,o,r,i,n,s,t,a,n,c,e,,,i,f,a,d,o,g,',s,o,w,n,e,r,i,s,a,t,t,a,c,k,e,d,b,y,s,o,m,e,o,n,e,,,i,t,w,i,l,l,r,e,s,p,o,n,d,b,y,b,a,r,k,i,n,g,o,r,e,v,e,n,a,t,t,a,c,k,i,n,g,t,h,e,a,t,t,a,c,k,e,r,.,A,n,o,t,h,e,r,a,d,v,a,n,t,a,g,e,o,f,k,e,e,p,i,n,g,a,p,e,t,i,s,t,h,a,t,h,o,m,e,l,e,s,s,a,n,i,m,a,l,s,f,i,n,d,t,h,e,m,s,e,l,v,e,s,a,h,o,m,e,.,O,t,h,e,r,w,i,s,e,,,t,h,o,s,e,a,n,i,m,a,l,s,c,o,u,l,d,g,e,t,h,u,r,t,s,t,a,y,i,n,g,o,u,t,s,i,d,e,.,T,h,e,y,m,i,g,h,t,n,o,t,f,i,n,d,f,o,o,d,o,r,g,e,t,i,n,f,e,c,t,e,d,s,i,n,c,e,t,h,e,y,a,r,e,n,o,t,v,a,c,c,i,n,a,t,e,d,.,M,o,r,e,o,v,e,r,,,t,h,e,y,f,i,n,d,n,e,w,f,r,i,e,n,d,s,w,h,e,n,t,h,e,y,f,i,n,d,a,n,e,w,h,o,m,e,.,P,e,t,s,a,r,e,e,n,j,o,y,e,d,b,y,c,h,i,l,d,r,e,n,a,n,d,c,h,i,l,d,r,e,n,b,e,c,o,m,e,t,h,e,i,r,b,e,s,t,f,r,i,e,n,d,s,.,
Nis 02, 2020 11:29:30 PM q2.SimpleTextEditor Add
INFO: "data" element added to list with using iterator at 0 index.
Nis 02, 2020 11:29:30 PM q2.SimpleTextEditor print_logfile
INFO: Current list stuation : 	d,a,t,a,F,v,o,c,a,b,l,u,a,r,y,o,r,o,v,e,r,t,h,o,u,s,a,n,d,s,o,f,y,e,a,r,s,,,h,u,m,a,n,s,h,a,v,e,k,e,p,t,a,n,i,m,a,l,s,s,u,c,h,a,s,b,i,r,d,s,,,c,a,t,s,a,n,d,d,o,g,s,a,s,t,h,e,i,r,p,e,t,s,.,M,a,n,y,p,e,o,p,l,e,h,a,v,e,d,e,v,e,l,o,p,e,d,s,u,c,h,c,l,o,s,e,r,e,l,a,t,i,o,n,s,h,i,p,w,i,t,h,t,h,e,i,r,p,e,t,s,t,h,a,t,t,h,e,y,t,r,e,a,t,t,h,e,i,r,p,e,t,s,a,s,m,e,m,b,e,r,s,o,f,t,h,e,i,r,f,a,m,i,l,y,.,S,o,m,e,p,e,t,s,p,r,o,t,e,c,t,t,h,e,i,r,o,w,n,e,r,s,f,r,o,m,t,h,r,e,a,t,s,.,T,h,i,s,i,s,j,u,s,t,o,n,e,a,d,v,a,n,t,a,g,e,o,f,h,a,v,i,n,g,a,p,e,t,.,O,n,t,h,e,o,t,h,e,r,h,a,n,d,,,t,h,e,r,e,a,r,e,s,o,m,e,d,i,s,a,d,v,a,n,t,a,g,e,s,s,u,c,h,a,s,p,e,t,s,’,b,e,i,n,g,e,x,p,e,n,s,i,v,e,t,o,t,a,k,e,c,a,r,e,o,f,.,T,o,s,t,a,r,t,w,i,t,h,,,p,e,t,s,a,r,e,g,r,e,a,t,c,o,m,p,a,n,i,o,n,s,f,o,r,t,h,e,i,r,o,w,n,e,r,s,a,n,d,s,h,a,r,e,t,h,e,i,r,l,o,n,e,l,i,n,e,s,s,.,P,e,t,s,s,u,c,h,a,s,d,o,g,s,f,o,l,l,o,w,t,h,e,i,r,o,w,n,e,r,s,',o,r,d,e,r,s,a,n,d,t,h,e,y,a,l,s,o,l,i,k,e,t,o,p,l,a,y,w,i,t,h,t,h,e,i,r,o,w,n,e,r,s,.,E,v,e,n,i,f,o,n,e,i,s,a,l,l,a,l,o,n,e,,,t,h,e,i,r,p,e,t,w,i,l,l,a,l,w,a,y,s,b,e,t,h,e,r,e,f,o,r,t,h,e,m,.,M,o,r,e,o,v,e,r,,,p,e,t,s,s,u,c,h,a,s,d,o,g,s,m,a,k,e,t,h,e,i,r,o,w,n,e,r,s,f,e,e,l,s,e,c,u,r,e,b,y,p,r,o,t,e,c,t,i,n,g,t,h,e,m,f,r,o,m,v,a,r,i,o,u,s,t,h,r,e,a,t,s,.,F,o,r,i,n,s,t,a,n,c,e,,,i,f,a,d,o,g,',s,o,w,n,e,r,i,s,a,t,t,a,c,k,e,d,b,y,s,o,m,e,o,n,e,,,i,t,w,i,l,l,r,e,s,p,o,n,d,b,y,b,a,r,k,i,n,g,o,r,e,v,e,n,a,t,t,a,c,k,i,n,g,t,h,e,a,t,t,a,c,k,e,r,.,A,n,o,t,h,e,r,a,d,v,a,n,t,a,g,e,o,f,k,e,e,p,i,n,g,a,p,e,t,i,s,t,h,a,t,h,o,m,e,l,e,s,s,a,n,i,m,a,l,s,f,i,n,d,t,h,e,m,s,e,l,v,e,s,a,h,o,m,e,.,O,t,h,e,r,w,i,s,e,,,t,h,o,s,e,a,n,i,m,a,l,s,c,o,u,l,d,g,e,t,h,u,r,t,s,t,a,y,i,n,g,o,u,t,s,i,d,e,.,T,h,e,y,m,i,g,h,t,n,o,t,f,i,n,d,f,o,o,d,o,r,g,e,t,i,n,f,e,c,t,e,d,s,i,n,c,e,t,h,e,y,a,r,e,n,o,t,v,a,c,c,i,n,a,t,e,d,.,M,o,r,e,o,v,e,r,,,t,h,e,y,f,i,n,d,n,e,w,f,r,i,e,n,d,s,w,h,e,n,t,h,e,y,f,i,n,d,a,n,e,w,h,o,m,e,.,P,e,t,s,a,r,e,e,n,j,o,y,e,d,b,y,c,h,i,l,d,r,e,n,a,n,d,c,h,i,l,d,r,e,n,b,e,c,o,m,e,t,h,e,i,r,b,e,s,t,f,r,i,e,n,d,s,.,
Nis 02, 2020 11:29:30 PM q2.SimpleTextEditor Add
INFO: "structures" element added to list with using iterator at 13 index.
Nis 02, 2020 11:29:30 PM q2.SimpleTextEditor print_logfile
INFO: Current list stuation : 	d,a,t,a,F,v,o,c,a,b,l,u,a,s,t,r,u,c,t,u,r,e,s,r,y,o,r,o,v,e,r,t,h,o,u,s,a,n,d,s,o,f,y,e,a,r,s,,,h,u,m,a,n,s,h,a,v,e,k,e,p,t,a,n,i,m,a,l,s,s,u,c,h,a,s,b,i,r,d,s,,,c,a,t,s,a,n,d,d,o,g,s,a,s,t,h,e,i,r,p,e,t,s,.,M,a,n,y,p,e,o,p,l,e,h,a,v,e,d,e,v,e,l,o,p,e,d,s,u,c,h,c,l,o,s,e,r,e,l,a,t,i,o,n,s,h,i,p,w,i,t,h,t,h,e,i,r,p,e,t,s,t,h,a,t,t,h,e,y,t,r,e,a,t,t,h,e,i,r,p,e,t,s,a,s,m,e,m,b,e,r,s,o,f,t,h,e,i,r,f,a,m,i,l,y,.,S,o,m,e,p,e,t,s,p,r,o,t,e,c,t,t,h,e,i,r,o,w,n,e,r,s,f,r,o,m,t,h,r,e,a,t,s,.,T,h,i,s,i,s,j,u,s,t,o,n,e,a,d,v,a,n,t,a,g,e,o,f,h,a,v,i,n,g,a,p,e,t,.,O,n,t,h,e,o,t,h,e,r,h,a,n,d,,,t,h,e,r,e,a,r,e,s,o,m,e,d,i,s,a,d,v,a,n,t,a,g,e,s,s,u,c,h,a,s,p,e,t,s,’,b,e,i,n,g,e,x,p,e,n,s,i,v,e,t,o,t,a,k,e,c,a,r,e,o,f,.,T,o,s,t,a,r,t,w,i,t,h,,,p,e,t,s,a,r,e,g,r,e,a,t,c,o,m,p,a,n,i,o,n,s,f,o,r,t,h,e,i,r,o,w,n,e,r,s,a,n,d,s,h,a,r,e,t,h,e,i,r,l,o,n,e,l,i,n,e,s,s,.,P,e,t,s,s,u,c,h,a,s,d,o,g,s,f,o,l,l,o,w,t,h,e,i,r,o,w,n,e,r,s,',o,r,d,e,r,s,a,n,d,t,h,e,y,a,l,s,o,l,i,k,e,t,o,p,l,a,y,w,i,t,h,t,h,e,i,r,o,w,n,e,r,s,.,E,v,e,n,i,f,o,n,e,i,s,a,l,l,a,l,o,n,e,,,t,h,e,i,r,p,e,t,w,i,l,l,a,l,w,a,y,s,b,e,t,h,e,r,e,f,o,r,t,h,e,m,.,M,o,r,e,o,v,e,r,,,p,e,t,s,s,u,c,h,a,s,d,o,g,s,m,a,k,e,t,h,e,i,r,o,w,n,e,r,s,f,e,e,l,s,e,c,u,r,e,b,y,p,r,o,t,e,c,t,i,n,g,t,h,e,m,f,r,o,m,v,a,r,i,o,u,s,t,h,r,e,a,t,s,.,F,o,r,i,n,s,t,a,n,c,e,,,i,f,a,d,o,g,',s,o,w,n,e,r,i,s,a,t,t,a,c,k,e,d,b,y,s,o,m,e,o,n,e,,,i,t,w,i,l,l,r,e,s,p,o,n,d,b,y,b,a,r,k,i,n,g,o,r,e,v,e,n,a,t,t,a,c,k,i,n,g,t,h,e,a,t,t,a,c,k,e,r,.,A,n,o,t,h,e,r,a,d,v,a,n,t,a,g,e,o,f,k,e,e,p,i,n,g,a,p,e,t,i,s,t,h,a,t,h,o,m,e,l,e,s,s,a,n,i,m,a,l,s,f,i,n,d,t,h,e,m,s,e,l,v,e,s,a,h,o,m,e,.,O,t,h,e,r,w,i,s,e,,,t,h,o,s,e,a,n,i,m,a,l,s,c,o,u,l,d,g,e,t,h,u,r,t,s,t,a,y,i,n,g,o,u,t,s,i,d,e,.,T,h,e,y,m,i,g,h,t,n,o,t,f,i,n,d,f,o,o,d,o,r,g,e,t,i,n,f,e,c,t,e,d,s,i,n,c,e,t,h,e,y,a,r,e,n,o,t,v,a,c,c,i,n,a,t,e,d,.,M,o,r,e,o,v,e,r,,,t,h,e,y,f,i,n,d,n,e,w,f,r,i,e,n,d,s,w,h,e,n,t,h,e,y,f,i,n,d,a,n,e,w,h,o,m,e,.,P,e,t,s,a,r,e,e,n,j,o,y,e,d,b,y,c,h,i,l,d,r,e,n,a,n,d,c,h,i,l,d,r,e,n,b,e,c,o,m,e,t,h,e,i,r,b,e,s,t,f,r,i,e,n,d,s,.,
Nis 02, 2020 11:29:30 PM q2.Main main
INFO: Working time : 11343500 ns
Nis 02, 2020 11:29:30 PM q2.Main main
INFO: --------------- TEST ADD (WITHOUT ITERATOR) METHODS  ---------------
Nis 02, 2020 11:29:30 PM q2.SimpleTextEditor Add_without_iter
INFO: "vocabluary" element added to list without using iterator at 10 index.
Nis 02, 2020 11:29:30 PM q2.SimpleTextEditor print_logfile
INFO: Current list stuation : 	F,o,r,o,v,e,r,t,h,o,v,o,c,a,b,l,u,a,r,y,u,s,a,n,d,s,o,f,y,e,a,r,s,,,h,u,m,a,n,s,h,a,v,e,k,e,p,t,a,n,i,m,a,l,s,s,u,c,h,a,s,b,i,r,d,s,,,c,a,t,s,a,n,d,d,o,g,s,a,s,t,h,e,i,r,p,e,t,s,.,M,a,n,y,p,e,o,p,l,e,h,a,v,e,d,e,v,e,l,o,p,e,d,s,u,c,h,c,l,o,s,e,r,e,l,a,t,i,o,n,s,h,i,p,w,i,t,h,t,h,e,i,r,p,e,t,s,t,h,a,t,t,h,e,y,t,r,e,a,t,t,h,e,i,r,p,e,t,s,a,s,m,e,m,b,e,r,s,o,f,t,h,e,i,r,f,a,m,i,l,y,.,S,o,m,e,p,e,t,s,p,r,o,t,e,c,t,t,h,e,i,r,o,w,n,e,r,s,f,r,o,m,t,h,r,e,a,t,s,.,T,h,i,s,i,s,j,u,s,t,o,n,e,a,d,v,a,n,t,a,g,e,o,f,h,a,v,i,n,g,a,p,e,t,.,O,n,t,h,e,o,t,h,e,r,h,a,n,d,,,t,h,e,r,e,a,r,e,s,o,m,e,d,i,s,a,d,v,a,n,t,a,g,e,s,s,u,c,h,a,s,p,e,t,s,’,b,e,i,n,g,e,x,p,e,n,s,i,v,e,t,o,t,a,k,e,c,a,r,e,o,f,.,T,o,s,t,a,r,t,w,i,t,h,,,p,e,t,s,a,r,e,g,r,e,a,t,c,o,m,p,a,n,i,o,n,s,f,o,r,t,h,e,i,r,o,w,n,e,r,s,a,n,d,s,h,a,r,e,t,h,e,i,r,l,o,n,e,l,i,n,e,s,s,.,P,e,t,s,s,u,c,h,a,s,d,o,g,s,f,o,l,l,o,w,t,h,e,i,r,o,w,n,e,r,s,',o,r,d,e,r,s,a,n,d,t,h,e,y,a,l,s,o,l,i,k,e,t,o,p,l,a,y,w,i,t,h,t,h,e,i,r,o,w,n,e,r,s,.,E,v,e,n,i,f,o,n,e,i,s,a,l,l,a,l,o,n,e,,,t,h,e,i,r,p,e,t,w,i,l,l,a,l,w,a,y,s,b,e,t,h,e,r,e,f,o,r,t,h,e,m,.,M,o,r,e,o,v,e,r,,,p,e,t,s,s,u,c,h,a,s,d,o,g,s,m,a,k,e,t,h,e,i,r,o,w,n,e,r,s,f,e,e,l,s,e,c,u,r,e,b,y,p,r,o,t,e,c,t,i,n,g,t,h,e,m,f,r,o,m,v,a,r,i,o,u,s,t,h,r,e,a,t,s,.,F,o,r,i,n,s,t,a,n,c,e,,,i,f,a,d,o,g,',s,o,w,n,e,r,i,s,a,t,t,a,c,k,e,d,b,y,s,o,m,e,o,n,e,,,i,t,w,i,l,l,r,e,s,p,o,n,d,b,y,b,a,r,k,i,n,g,o,r,e,v,e,n,a,t,t,a,c,k,i,n,g,t,h,e,a,t,t,a,c,k,e,r,.,A,n,o,t,h,e,r,a,d,v,a,n,t,a,g,e,o,f,k,e,e,p,i,n,g,a,p,e,t,i,s,t,h,a,t,h,o,m,e,l,e,s,s,a,n,i,m,a,l,s,f,i,n,d,t,h,e,m,s,e,l,v,e,s,a,h,o,m,e,.,O,t,h,e,r,w,i,s,e,,,t,h,o,s,e,a,n,i,m,a,l,s,c,o,u,l,d,g,e,t,h,u,r,t,s,t,a,y,i,n,g,o,u,t,s,i,d,e,.,T,h,e,y,m,i,g,h,t,n,o,t,f,i,n,d,f,o,o,d,o,r,g,e,t,i,n,f,e,c,t,e,d,s,i,n,c,e,t,h,e,y,a,r,e,n,o,t,v,a,c,c,i,n,a,t,e,d,.,M,o,r,e,o,v,e,r,,,t,h,e,y,f,i,n,d,n,e,w,f,r,i,e,n,d,s,w,h,e,n,t,h,e,y,f,i,n,d,a,n,e,w,h,o,m,e,.,P,e,t,s,a,r,e,e,n,j,o,y,e,d,b,y,c,h,i,l,d,r,e,n,a,n,d,c,h,i,l,d,r,e,n,b,e,c,o,m,e,t,h,e,i,r,b,e,s,t,f,r,i,e,n,d,s,.,
Nis 02, 2020 11:29:30 PM q2.SimpleTextEditor Add_without_iter
INFO: "data" element added to list without using iterator at 0 index.
Nis 02, 2020 11:29:30 PM q2.SimpleTextEditor print_logfile
INFO: Current list stuation : 	d,a,t,a,F,o,r,o,v,e,r,t,h,o,v,o,c,a,b,l,u,a,r,y,u,s,a,n,d,s,o,f,y,e,a,r,s,,,h,u,m,a,n,s,h,a,v,e,k,e,p,t,a,n,i,m,a,l,s,s,u,c,h,a,s,b,i,r,d,s,,,c,a,t,s,a,n,d,d,o,g,s,a,s,t,h,e,i,r,p,e,t,s,.,M,a,n,y,p,e,o,p,l,e,h,a,v,e,d,e,v,e,l,o,p,e,d,s,u,c,h,c,l,o,s,e,r,e,l,a,t,i,o,n,s,h,i,p,w,i,t,h,t,h,e,i,r,p,e,t,s,t,h,a,t,t,h,e,y,t,r,e,a,t,t,h,e,i,r,p,e,t,s,a,s,m,e,m,b,e,r,s,o,f,t,h,e,i,r,f,a,m,i,l,y,.,S,o,m,e,p,e,t,s,p,r,o,t,e,c,t,t,h,e,i,r,o,w,n,e,r,s,f,r,o,m,t,h,r,e,a,t,s,.,T,h,i,s,i,s,j,u,s,t,o,n,e,a,d,v,a,n,t,a,g,e,o,f,h,a,v,i,n,g,a,p,e,t,.,O,n,t,h,e,o,t,h,e,r,h,a,n,d,,,t,h,e,r,e,a,r,e,s,o,m,e,d,i,s,a,d,v,a,n,t,a,g,e,s,s,u,c,h,a,s,p,e,t,s,’,b,e,i,n,g,e,x,p,e,n,s,i,v,e,t,o,t,a,k,e,c,a,r,e,o,f,.,T,o,s,t,a,r,t,w,i,t,h,,,p,e,t,s,a,r,e,g,r,e,a,t,c,o,m,p,a,n,i,o,n,s,f,o,r,t,h,e,i,r,o,w,n,e,r,s,a,n,d,s,h,a,r,e,t,h,e,i,r,l,o,n,e,l,i,n,e,s,s,.,P,e,t,s,s,u,c,h,a,s,d,o,g,s,f,o,l,l,o,w,t,h,e,i,r,o,w,n,e,r,s,',o,r,d,e,r,s,a,n,d,t,h,e,y,a,l,s,o,l,i,k,e,t,o,p,l,a,y,w,i,t,h,t,h,e,i,r,o,w,n,e,r,s,.,E,v,e,n,i,f,o,n,e,i,s,a,l,l,a,l,o,n,e,,,t,h,e,i,r,p,e,t,w,i,l,l,a,l,w,a,y,s,b,e,t,h,e,r,e,f,o,r,t,h,e,m,.,M,o,r,e,o,v,e,r,,,p,e,t,s,s,u,c,h,a,s,d,o,g,s,m,a,k,e,t,h,e,i,r,o,w,n,e,r,s,f,e,e,l,s,e,c,u,r,e,b,y,p,r,o,t,e,c,t,i,n,g,t,h,e,m,f,r,o,m,v,a,r,i,o,u,s,t,h,r,e,a,t,s,.,F,o,r,i,n,s,t,a,n,c,e,,,i,f,a,d,o,g,',s,o,w,n,e,r,i,s,a,t,t,a,c,k,e,d,b,y,s,o,m,e,o,n,e,,,i,t,w,i,l,l,r,e,s,p,o,n,d,b,y,b,a,r,k,i,n,g,o,r,e,v,e,n,a,t,t,a,c,k,i,n,g,t,h,e,a,t,t,a,c,k,e,r,.,A,n,o,t,h,e,r,a,d,v,a,n,t,a,g,e,o,f,k,e,e,p,i,n,g,a,p,e,t,i,s,t,h,a,t,h,o,m,e,l,e,s,s,a,n,i,m,a,l,s,f,i,n,d,t,h,e,m,s,e,l,v,e,s,a,h,o,m,e,.,O,t,h,e,r,w,i,s,e,,,t,h,o,s,e,a,n,i,m,a,l,s,c,o,u,l,d,g,e,t,h,u,r,t,s,t,a,y,i,n,g,o,u,t,s,i,d,e,.,T,h,e,y,m,i,g,h,t,n,o,t,f,i,n,d,f,o,o,d,o,r,g,e,t,i,n,f,e,c,t,e,d,s,i,n,c,e,t,h,e,y,a,r,e,n,o,t,v,a,c,c,i,n,a,t,e,d,.,M,o,r,e,o,v,e,r,,,t,h,e,y,f,i,n,d,n,e,w,f,r,i,e,n,d,s,w,h,e,n,t,h,e,y,f,i,n,d,a,n,e,w,h,o,m,e,.,P,e,t,s,a,r,e,e,n,j,o,y,e,d,b,y,c,h,i,l,d,r,e,n,a,n,d,c,h,i,l,d,r,e,n,b,e,c,o,m,e,t,h,e,i,r,b,e,s,t,f,r,i,e,n,d,s,.,
Nis 02, 2020 11:29:30 PM q2.SimpleTextEditor Add_without_iter
INFO: "structures" element added to list without using iterator at 13 index.
Nis 02, 2020 11:29:30 PM q2.SimpleTextEditor print_logfile
INFO: Current list stuation : 	d,a,t,a,F,o,r,o,v,e,r,t,h,s,t,r,u,c,t,u,r,e,s,o,v,o,c,a,b,l,u,a,r,y,u,s,a,n,d,s,o,f,y,e,a,r,s,,,h,u,m,a,n,s,h,a,v,e,k,e,p,t,a,n,i,m,a,l,s,s,u,c,h,a,s,b,i,r,d,s,,,c,a,t,s,a,n,d,d,o,g,s,a,s,t,h,e,i,r,p,e,t,s,.,M,a,n,y,p,e,o,p,l,e,h,a,v,e,d,e,v,e,l,o,p,e,d,s,u,c,h,c,l,o,s,e,r,e,l,a,t,i,o,n,s,h,i,p,w,i,t,h,t,h,e,i,r,p,e,t,s,t,h,a,t,t,h,e,y,t,r,e,a,t,t,h,e,i,r,p,e,t,s,a,s,m,e,m,b,e,r,s,o,f,t,h,e,i,r,f,a,m,i,l,y,.,S,o,m,e,p,e,t,s,p,r,o,t,e,c,t,t,h,e,i,r,o,w,n,e,r,s,f,r,o,m,t,h,r,e,a,t,s,.,T,h,i,s,i,s,j,u,s,t,o,n,e,a,d,v,a,n,t,a,g,e,o,f,h,a,v,i,n,g,a,p,e,t,.,O,n,t,h,e,o,t,h,e,r,h,a,n,d,,,t,h,e,r,e,a,r,e,s,o,m,e,d,i,s,a,d,v,a,n,t,a,g,e,s,s,u,c,h,a,s,p,e,t,s,’,b,e,i,n,g,e,x,p,e,n,s,i,v,e,t,o,t,a,k,e,c,a,r,e,o,f,.,T,o,s,t,a,r,t,w,i,t,h,,,p,e,t,s,a,r,e,g,r,e,a,t,c,o,m,p,a,n,i,o,n,s,f,o,r,t,h,e,i,r,o,w,n,e,r,s,a,n,d,s,h,a,r,e,t,h,e,i,r,l,o,n,e,l,i,n,e,s,s,.,P,e,t,s,s,u,c,h,a,s,d,o,g,s,f,o,l,l,o,w,t,h,e,i,r,o,w,n,e,r,s,',o,r,d,e,r,s,a,n,d,t,h,e,y,a,l,s,o,l,i,k,e,t,o,p,l,a,y,w,i,t,h,t,h,e,i,r,o,w,n,e,r,s,.,E,v,e,n,i,f,o,n,e,i,s,a,l,l,a,l,o,n,e,,,t,h,e,i,r,p,e,t,w,i,l,l,a,l,w,a,y,s,b,e,t,h,e,r,e,f,o,r,t,h,e,m,.,M,o,r,e,o,v,e,r,,,p,e,t,s,s,u,c,h,a,s,d,o,g,s,m,a,k,e,t,h,e,i,r,o,w,n,e,r,s,f,e,e,l,s,e,c,u,r,e,b,y,p,r,o,t,e,c,t,i,n,g,t,h,e,m,f,r,o,m,v,a,r,i,o,u,s,t,h,r,e,a,t,s,.,F,o,r,i,n,s,t,a,n,c,e,,,i,f,a,d,o,g,',s,o,w,n,e,r,i,s,a,t,t,a,c,k,e,d,b,y,s,o,m,e,o,n,e,,,i,t,w,i,l,l,r,e,s,p,o,n,d,b,y,b,a,r,k,i,n,g,o,r,e,v,e,n,a,t,t,a,c,k,i,n,g,t,h,e,a,t,t,a,c,k,e,r,.,A,n,o,t,h,e,r,a,d,v,a,n,t,a,g,e,o,f,k,e,e,p,i,n,g,a,p,e,t,i,s,t,h,a,t,h,o,m,e,l,e,s,s,a,n,i,m,a,l,s,f,i,n,d,t,h,e,m,s,e,l,v,e,s,a,h,o,m,e,.,O,t,h,e,r,w,i,s,e,,,t,h,o,s,e,a,n,i,m,a,l,s,c,o,u,l,d,g,e,t,h,u,r,t,s,t,a,y,i,n,g,o,u,t,s,i,d,e,.,T,h,e,y,m,i,g,h,t,n,o,t,f,i,n,d,f,o,o,d,o,r,g,e,t,i,n,f,e,c,t,e,d,s,i,n,c,e,t,h,e,y,a,r,e,n,o,t,v,a,c,c,i,n,a,t,e,d,.,M,o,r,e,o,v,e,r,,,t,h,e,y,f,i,n,d,n,e,w,f,r,i,e,n,d,s,w,h,e,n,t,h,e,y,f,i,n,d,a,n,e,w,h,o,m,e,.,P,e,t,s,a,r,e,e,n,j,o,y,e,d,b,y,c,h,i,l,d,r,e,n,a,n,d,c,h,i,l,d,r,e,n,b,e,c,o,m,e,t,h,e,i,r,b,e,s,t,f,r,i,e,n,d,s,.,
Nis 02, 2020 11:29:30 PM q2.Main main
INFO: Working time : 8445700 ns
Nis 02, 2020 11:29:30 PM q2.Main main
INFO: --------------- TEST REPLACE (WITH ITERATOR) METHODS  ---------------
Nis 02, 2020 11:29:30 PM q2.SimpleTextEditor Replace
INFO: User want to replace 10. element to "replace" with using iterator.
Nis 02, 2020 11:29:30 PM q2.SimpleTextEditor Replace
INFO: Program replaces 10. element to "replace" with using iterator.
Nis 02, 2020 11:29:30 PM q2.SimpleTextEditor print_logfile
INFO: Current list stuation : 	d,a,t,a,F,v,o,c,a,b,r,e,p,l,a,c,e,c,t,u,r,e,s,r,y,o,r,o,v,e,r,t,h,o,u,s,a,n,d,s,o,f,y,e,a,r,s,,,h,u,m,a,n,s,h,a,v,e,k,e,p,t,a,n,i,m,a,l,s,s,u,c,h,a,s,b,i,r,d,s,,,c,a,t,s,a,n,d,d,o,g,s,a,s,t,h,e,i,r,p,e,t,s,.,M,a,n,y,p,e,o,p,l,e,h,a,v,e,d,e,v,e,l,o,p,e,d,s,u,c,h,c,l,o,s,e,r,e,l,a,t,i,o,n,s,h,i,p,w,i,t,h,t,h,e,i,r,p,e,t,s,t,h,a,t,t,h,e,y,t,r,e,a,t,t,h,e,i,r,p,e,t,s,a,s,m,e,m,b,e,r,s,o,f,t,h,e,i,r,f,a,m,i,l,y,.,S,o,m,e,p,e,t,s,p,r,o,t,e,c,t,t,h,e,i,r,o,w,n,e,r,s,f,r,o,m,t,h,r,e,a,t,s,.,T,h,i,s,i,s,j,u,s,t,o,n,e,a,d,v,a,n,t,a,g,e,o,f,h,a,v,i,n,g,a,p,e,t,.,O,n,t,h,e,o,t,h,e,r,h,a,n,d,,,t,h,e,r,e,a,r,e,s,o,m,e,d,i,s,a,d,v,a,n,t,a,g,e,s,s,u,c,h,a,s,p,e,t,s,’,b,e,i,n,g,e,x,p,e,n,s,i,v,e,t,o,t,a,k,e,c,a,r,e,o,f,.,T,o,s,t,a,r,t,w,i,t,h,,,p,e,t,s,a,r,e,g,r,e,a,t,c,o,m,p,a,n,i,o,n,s,f,o,r,t,h,e,i,r,o,w,n,e,r,s,a,n,d,s,h,a,r,e,t,h,e,i,r,l,o,n,e,l,i,n,e,s,s,.,P,e,t,s,s,u,c,h,a,s,d,o,g,s,f,o,l,l,o,w,t,h,e,i,r,o,w,n,e,r,s,',o,r,d,e,r,s,a,n,d,t,h,e,y,a,l,s,o,l,i,k,e,t,o,p,l,a,y,w,i,t,h,t,h,e,i,r,o,w,n,e,r,s,.,E,v,e,n,i,f,o,n,e,i,s,a,l,l,a,l,o,n,e,,,t,h,e,i,r,p,e,t,w,i,l,l,a,l,w,a,y,s,b,e,t,h,e,r,e,f,o,r,t,h,e,m,.,M,o,r,e,o,v,e,r,,,p,e,t,s,s,u,c,h,a,s,d,o,g,s,m,a,k,e,t,h,e,i,r,o,w,n,e,r,s,f,e,e,l,s,e,c,u,r,e,b,y,p,r,o,t,e,c,t,i,n,g,t,h,e,m,f,r,o,m,v,a,r,i,o,u,s,t,h,r,e,a,t,s,.,F,o,r,i,n,s,t,a,n,c,e,,,i,f,a,d,o,g,',s,o,w,n,e,r,i,s,a,t,t,a,c,k,e,d,b,y,s,o,m,e,o,n,e,,,i,t,w,i,l,l,r,e,s,p,o,n,d,b,y,b,a,r,k,i,n,g,o,r,e,v,e,n,a,t,t,a,c,k,i,n,g,t,h,e,a,t,t,a,c,k,e,r,.,A,n,o,t,h,e,r,a,d,v,a,n,t,a,g,e,o,f,k,e,e,p,i,n,g,a,p,e,t,i,s,t,h,a,t,h,o,m,e,l,e,s,s,a,n,i,m,a,l,s,f,i,n,d,t,h,e,m,s,e,l,v,e,s,a,h,o,m,e,.,O,t,h,e,r,w,i,s,e,,,t,h,o,s,e,a,n,i,m,a,l,s,c,o,u,l,d,g,e,t,h,u,r,t,s,t,a,y,i,n,g,o,u,t,s,i,d,e,.,T,h,e,y,m,i,g,h,t,n,o,t,f,i,n,d,f,o,o,d,o,r,g,e,t,i,n,f,e,c,t,e,d,s,i,n,c,e,t,h,e,y,a,r,e,n,o,t,v,a,c,c,i,n,a,t,e,d,.,M,o,r,e,o,v,e,r,,,t,h,e,y,f,i,n,d,n,e,w,f,r,i,e,n,d,s,w,h,e,n,t,h,e,y,f,i,n,d,a,n,e,w,h,o,m,e,.,P,e,t,s,a,r,e,e,n,j,o,y,e,d,b,y,c,h,i,l,d,r,e,n,a,n,d,c,h,i,l,d,r,e,n,b,e,c,o,m,e,t,h,e,i,r,b,e,s,t,f,r,i,e,n,d,s,.,
Nis 02, 2020 11:29:30 PM q2.SimpleTextEditor Replace
INFO: User want to replace 0. element to "some" with using iterator.
Nis 02, 2020 11:29:30 PM q2.SimpleTextEditor Replace
INFO: Program replaces 0. element to "some" with using iterator.
Nis 02, 2020 11:29:30 PM q2.SimpleTextEditor print_logfile
INFO: Current list stuation : 	s,o,m,e,F,v,o,c,a,b,r,e,p,l,a,c,e,c,t,u,r,e,s,r,y,o,r,o,v,e,r,t,h,o,u,s,a,n,d,s,o,f,y,e,a,r,s,,,h,u,m,a,n,s,h,a,v,e,k,e,p,t,a,n,i,m,a,l,s,s,u,c,h,a,s,b,i,r,d,s,,,c,a,t,s,a,n,d,d,o,g,s,a,s,t,h,e,i,r,p,e,t,s,.,M,a,n,y,p,e,o,p,l,e,h,a,v,e,d,e,v,e,l,o,p,e,d,s,u,c,h,c,l,o,s,e,r,e,l,a,t,i,o,n,s,h,i,p,w,i,t,h,t,h,e,i,r,p,e,t,s,t,h,a,t,t,h,e,y,t,r,e,a,t,t,h,e,i,r,p,e,t,s,a,s,m,e,m,b,e,r,s,o,f,t,h,e,i,r,f,a,m,i,l,y,.,S,o,m,e,p,e,t,s,p,r,o,t,e,c,t,t,h,e,i,r,o,w,n,e,r,s,f,r,o,m,t,h,r,e,a,t,s,.,T,h,i,s,i,s,j,u,s,t,o,n,e,a,d,v,a,n,t,a,g,e,o,f,h,a,v,i,n,g,a,p,e,t,.,O,n,t,h,e,o,t,h,e,r,h,a,n,d,,,t,h,e,r,e,a,r,e,s,o,m,e,d,i,s,a,d,v,a,n,t,a,g,e,s,s,u,c,h,a,s,p,e,t,s,’,b,e,i,n,g,e,x,p,e,n,s,i,v,e,t,o,t,a,k,e,c,a,r,e,o,f,.,T,o,s,t,a,r,t,w,i,t,h,,,p,e,t,s,a,r,e,g,r,e,a,t,c,o,m,p,a,n,i,o,n,s,f,o,r,t,h,e,i,r,o,w,n,e,r,s,a,n,d,s,h,a,r,e,t,h,e,i,r,l,o,n,e,l,i,n,e,s,s,.,P,e,t,s,s,u,c,h,a,s,d,o,g,s,f,o,l,l,o,w,t,h,e,i,r,o,w,n,e,r,s,',o,r,d,e,r,s,a,n,d,t,h,e,y,a,l,s,o,l,i,k,e,t,o,p,l,a,y,w,i,t,h,t,h,e,i,r,o,w,n,e,r,s,.,E,v,e,n,i,f,o,n,e,i,s,a,l,l,a,l,o,n,e,,,t,h,e,i,r,p,e,t,w,i,l,l,a,l,w,a,y,s,b,e,t,h,e,r,e,f,o,r,t,h,e,m,.,M,o,r,e,o,v,e,r,,,p,e,t,s,s,u,c,h,a,s,d,o,g,s,m,a,k,e,t,h,e,i,r,o,w,n,e,r,s,f,e,e,l,s,e,c,u,r,e,b,y,p,r,o,t,e,c,t,i,n,g,t,h,e,m,f,r,o,m,v,a,r,i,o,u,s,t,h,r,e,a,t,s,.,F,o,r,i,n,s,t,a,n,c,e,,,i,f,a,d,o,g,',s,o,w,n,e,r,i,s,a,t,t,a,c,k,e,d,b,y,s,o,m,e,o,n,e,,,i,t,w,i,l,l,r,e,s,p,o,n,d,b,y,b,a,r,k,i,n,g,o,r,e,v,e,n,a,t,t,a,c,k,i,n,g,t,h,e,a,t,t,a,c,k,e,r,.,A,n,o,t,h,e,r,a,d,v,a,n,t,a,g,e,o,f,k,e,e,p,i,n,g,a,p,e,t,i,s,t,h,a,t,h,o,m,e,l,e,s,s,a,n,i,m,a,l,s,f,i,n,d,t,h,e,m,s,e,l,v,e,s,a,h,o,m,e,.,O,t,h,e,r,w,i,s,e,,,t,h,o,s,e,a,n,i,m,a,l,s,c,o,u,l,d,g,e,t,h,u,r,t,s,t,a,y,i,n,g,o,u,t,s,i,d,e,.,T,h,e,y,m,i,g,h,t,n,o,t,f,i,n,d,f,o,o,d,o,r,g,e,t,i,n,f,e,c,t,e,d,s,i,n,c,e,t,h,e,y,a,r,e,n,o,t,v,a,c,c,i,n,a,t,e,d,.,M,o,r,e,o,v,e,r,,,t,h,e,y,f,i,n,d,n,e,w,f,r,i,e,n,d,s,w,h,e,n,t,h,e,y,f,i,n,d,a,n,e,w,h,o,m,e,.,P,e,t,s,a,r,e,e,n,j,o,y,e,d,b,y,c,h,i,l,d,r,e,n,a,n,d,c,h,i,l,d,r,e,n,b,e,c,o,m,e,t,h,e,i,r,b,e,s,t,f,r,i,e,n,d,s,.,
Nis 02, 2020 11:29:30 PM q2.SimpleTextEditor Replace
INFO: User want to replace 20. element to "character" with using iterator.
Nis 02, 2020 11:29:30 PM q2.SimpleTextEditor Replace
INFO: Program replaces 20. element to "character" with using iterator.
Nis 02, 2020 11:29:30 PM q2.SimpleTextEditor print_logfile
INFO: Current list stuation : 	s,o,m,e,F,v,o,c,a,b,r,e,p,l,a,c,e,c,t,u,c,h,a,r,a,c,t,e,r,e,r,t,h,o,u,s,a,n,d,s,o,f,y,e,a,r,s,,,h,u,m,a,n,s,h,a,v,e,k,e,p,t,a,n,i,m,a,l,s,s,u,c,h,a,s,b,i,r,d,s,,,c,a,t,s,a,n,d,d,o,g,s,a,s,t,h,e,i,r,p,e,t,s,.,M,a,n,y,p,e,o,p,l,e,h,a,v,e,d,e,v,e,l,o,p,e,d,s,u,c,h,c,l,o,s,e,r,e,l,a,t,i,o,n,s,h,i,p,w,i,t,h,t,h,e,i,r,p,e,t,s,t,h,a,t,t,h,e,y,t,r,e,a,t,t,h,e,i,r,p,e,t,s,a,s,m,e,m,b,e,r,s,o,f,t,h,e,i,r,f,a,m,i,l,y,.,S,o,m,e,p,e,t,s,p,r,o,t,e,c,t,t,h,e,i,r,o,w,n,e,r,s,f,r,o,m,t,h,r,e,a,t,s,.,T,h,i,s,i,s,j,u,s,t,o,n,e,a,d,v,a,n,t,a,g,e,o,f,h,a,v,i,n,g,a,p,e,t,.,O,n,t,h,e,o,t,h,e,r,h,a,n,d,,,t,h,e,r,e,a,r,e,s,o,m,e,d,i,s,a,d,v,a,n,t,a,g,e,s,s,u,c,h,a,s,p,e,t,s,’,b,e,i,n,g,e,x,p,e,n,s,i,v,e,t,o,t,a,k,e,c,a,r,e,o,f,.,T,o,s,t,a,r,t,w,i,t,h,,,p,e,t,s,a,r,e,g,r,e,a,t,c,o,m,p,a,n,i,o,n,s,f,o,r,t,h,e,i,r,o,w,n,e,r,s,a,n,d,s,h,a,r,e,t,h,e,i,r,l,o,n,e,l,i,n,e,s,s,.,P,e,t,s,s,u,c,h,a,s,d,o,g,s,f,o,l,l,o,w,t,h,e,i,r,o,w,n,e,r,s,',o,r,d,e,r,s,a,n,d,t,h,e,y,a,l,s,o,l,i,k,e,t,o,p,l,a,y,w,i,t,h,t,h,e,i,r,o,w,n,e,r,s,.,E,v,e,n,i,f,o,n,e,i,s,a,l,l,a,l,o,n,e,,,t,h,e,i,r,p,e,t,w,i,l,l,a,l,w,a,y,s,b,e,t,h,e,r,e,f,o,r,t,h,e,m,.,M,o,r,e,o,v,e,r,,,p,e,t,s,s,u,c,h,a,s,d,o,g,s,m,a,k,e,t,h,e,i,r,o,w,n,e,r,s,f,e,e,l,s,e,c,u,r,e,b,y,p,r,o,t,e,c,t,i,n,g,t,h,e,m,f,r,o,m,v,a,r,i,o,u,s,t,h,r,e,a,t,s,.,F,o,r,i,n,s,t,a,n,c,e,,,i,f,a,d,o,g,',s,o,w,n,e,r,i,s,a,t,t,a,c,k,e,d,b,y,s,o,m,e,o,n,e,,,i,t,w,i,l,l,r,e,s,p,o,n,d,b,y,b,a,r,k,i,n,g,o,r,e,v,e,n,a,t,t,a,c,k,i,n,g,t,h,e,a,t,t,a,c,k,e,r,.,A,n,o,t,h,e,r,a,d,v,a,n,t,a,g,e,o,f,k,e,e,p,i,n,g,a,p,e,t,i,s,t,h,a,t,h,o,m,e,l,e,s,s,a,n,i,m,a,l,s,f,i,n,d,t,h,e,m,s,e,l,v,e,s,a,h,o,m,e,.,O,t,h,e,r,w,i,s,e,,,t,h,o,s,e,a,n,i,m,a,l,s,c,o,u,l,d,g,e,t,h,u,r,t,s,t,a,y,i,n,g,o,u,t,s,i,d,e,.,T,h,e,y,m,i,g,h,t,n,o,t,f,i,n,d,f,o,o,d,o,r,g,e,t,i,n,f,e,c,t,e,d,s,i,n,c,e,t,h,e,y,a,r,e,n,o,t,v,a,c,c,i,n,a,t,e,d,.,M,o,r,e,o,v,e,r,,,t,h,e,y,f,i,n,d,n,e,w,f,r,i,e,n,d,s,w,h,e,n,t,h,e,y,f,i,n,d,a,n,e,w,h,o,m,e,.,P,e,t,s,a,r,e,e,n,j,o,y,e,d,b,y,c,h,i,l,d,r,e,n,a,n,d,c,h,i,l,d,r,e,n,b,e,c,o,m,e,t,h,e,i,r,b,e,s,t,f,r,i,e,n,d,s,.,
Nis 02, 2020 11:29:30 PM q2.Main main
INFO: Working time : 4728200 ns
Nis 02, 2020 11:29:30 PM q2.Main main
INFO: --------------- TEST REPLACE (WITHOUT ITERATOR) METHODS  ---------------
Nis 02, 2020 11:29:30 PM q2.SimpleTextEditor Replace_without_iter
INFO: User want to replace 10. element to "replace" without using iterator.
Nis 02, 2020 11:29:30 PM q2.SimpleTextEditor Replace_without_iter
INFO: Program replaces 10. element to "replace" without using iterator.
Nis 02, 2020 11:29:30 PM q2.SimpleTextEditor print_logfile
INFO: Current list stuation : 	d,a,t,a,F,o,r,o,v,e,r,e,p,l,a,c,e,c,t,u,r,e,s,o,v,o,c,a,b,l,u,a,r,y,u,s,a,n,d,s,o,f,y,e,a,r,s,,,h,u,m,a,n,s,h,a,v,e,k,e,p,t,a,n,i,m,a,l,s,s,u,c,h,a,s,b,i,r,d,s,,,c,a,t,s,a,n,d,d,o,g,s,a,s,t,h,e,i,r,p,e,t,s,.,M,a,n,y,p,e,o,p,l,e,h,a,v,e,d,e,v,e,l,o,p,e,d,s,u,c,h,c,l,o,s,e,r,e,l,a,t,i,o,n,s,h,i,p,w,i,t,h,t,h,e,i,r,p,e,t,s,t,h,a,t,t,h,e,y,t,r,e,a,t,t,h,e,i,r,p,e,t,s,a,s,m,e,m,b,e,r,s,o,f,t,h,e,i,r,f,a,m,i,l,y,.,S,o,m,e,p,e,t,s,p,r,o,t,e,c,t,t,h,e,i,r,o,w,n,e,r,s,f,r,o,m,t,h,r,e,a,t,s,.,T,h,i,s,i,s,j,u,s,t,o,n,e,a,d,v,a,n,t,a,g,e,o,f,h,a,v,i,n,g,a,p,e,t,.,O,n,t,h,e,o,t,h,e,r,h,a,n,d,,,t,h,e,r,e,a,r,e,s,o,m,e,d,i,s,a,d,v,a,n,t,a,g,e,s,s,u,c,h,a,s,p,e,t,s,’,b,e,i,n,g,e,x,p,e,n,s,i,v,e,t,o,t,a,k,e,c,a,r,e,o,f,.,T,o,s,t,a,r,t,w,i,t,h,,,p,e,t,s,a,r,e,g,r,e,a,t,c,o,m,p,a,n,i,o,n,s,f,o,r,t,h,e,i,r,o,w,n,e,r,s,a,n,d,s,h,a,r,e,t,h,e,i,r,l,o,n,e,l,i,n,e,s,s,.,P,e,t,s,s,u,c,h,a,s,d,o,g,s,f,o,l,l,o,w,t,h,e,i,r,o,w,n,e,r,s,',o,r,d,e,r,s,a,n,d,t,h,e,y,a,l,s,o,l,i,k,e,t,o,p,l,a,y,w,i,t,h,t,h,e,i,r,o,w,n,e,r,s,.,E,v,e,n,i,f,o,n,e,i,s,a,l,l,a,l,o,n,e,,,t,h,e,i,r,p,e,t,w,i,l,l,a,l,w,a,y,s,b,e,t,h,e,r,e,f,o,r,t,h,e,m,.,M,o,r,e,o,v,e,r,,,p,e,t,s,s,u,c,h,a,s,d,o,g,s,m,a,k,e,t,h,e,i,r,o,w,n,e,r,s,f,e,e,l,s,e,c,u,r,e,b,y,p,r,o,t,e,c,t,i,n,g,t,h,e,m,f,r,o,m,v,a,r,i,o,u,s,t,h,r,e,a,t,s,.,F,o,r,i,n,s,t,a,n,c,e,,,i,f,a,d,o,g,',s,o,w,n,e,r,i,s,a,t,t,a,c,k,e,d,b,y,s,o,m,e,o,n,e,,,i,t,w,i,l,l,r,e,s,p,o,n,d,b,y,b,a,r,k,i,n,g,o,r,e,v,e,n,a,t,t,a,c,k,i,n,g,t,h,e,a,t,t,a,c,k,e,r,.,A,n,o,t,h,e,r,a,d,v,a,n,t,a,g,e,o,f,k,e,e,p,i,n,g,a,p,e,t,i,s,t,h,a,t,h,o,m,e,l,e,s,s,a,n,i,m,a,l,s,f,i,n,d,t,h,e,m,s,e,l,v,e,s,a,h,o,m,e,.,O,t,h,e,r,w,i,s,e,,,t,h,o,s,e,a,n,i,m,a,l,s,c,o,u,l,d,g,e,t,h,u,r,t,s,t,a,y,i,n,g,o,u,t,s,i,d,e,.,T,h,e,y,m,i,g,h,t,n,o,t,f,i,n,d,f,o,o,d,o,r,g,e,t,i,n,f,e,c,t,e,d,s,i,n,c,e,t,h,e,y,a,r,e,n,o,t,v,a,c,c,i,n,a,t,e,d,.,M,o,r,e,o,v,e,r,,,t,h,e,y,f,i,n,d,n,e,w,f,r,i,e,n,d,s,w,h,e,n,t,h,e,y,f,i,n,d,a,n,e,w,h,o,m,e,.,P,e,t,s,a,r,e,e,n,j,o,y,e,d,b,y,c,h,i,l,d,r,e,n,a,n,d,c,h,i,l,d,r,e,n,b,e,c,o,m,e,t,h,e,i,r,b,e,s,t,f,r,i,e,n,d,s,.,
Nis 02, 2020 11:29:30 PM q2.SimpleTextEditor Replace_without_iter
INFO: User want to replace 0. element to "some" without using iterator.
Nis 02, 2020 11:29:30 PM q2.SimpleTextEditor Replace_without_iter
INFO: Program replaces 0. element to "some" without using iterator.
Nis 02, 2020 11:29:30 PM q2.SimpleTextEditor print_logfile
INFO: Current list stuation : 	s,o,m,e,F,o,r,o,v,e,r,e,p,l,a,c,e,c,t,u,r,e,s,o,v,o,c,a,b,l,u,a,r,y,u,s,a,n,d,s,o,f,y,e,a,r,s,,,h,u,m,a,n,s,h,a,v,e,k,e,p,t,a,n,i,m,a,l,s,s,u,c,h,a,s,b,i,r,d,s,,,c,a,t,s,a,n,d,d,o,g,s,a,s,t,h,e,i,r,p,e,t,s,.,M,a,n,y,p,e,o,p,l,e,h,a,v,e,d,e,v,e,l,o,p,e,d,s,u,c,h,c,l,o,s,e,r,e,l,a,t,i,o,n,s,h,i,p,w,i,t,h,t,h,e,i,r,p,e,t,s,t,h,a,t,t,h,e,y,t,r,e,a,t,t,h,e,i,r,p,e,t,s,a,s,m,e,m,b,e,r,s,o,f,t,h,e,i,r,f,a,m,i,l,y,.,S,o,m,e,p,e,t,s,p,r,o,t,e,c,t,t,h,e,i,r,o,w,n,e,r,s,f,r,o,m,t,h,r,e,a,t,s,.,T,h,i,s,i,s,j,u,s,t,o,n,e,a,d,v,a,n,t,a,g,e,o,f,h,a,v,i,n,g,a,p,e,t,.,O,n,t,h,e,o,t,h,e,r,h,a,n,d,,,t,h,e,r,e,a,r,e,s,o,m,e,d,i,s,a,d,v,a,n,t,a,g,e,s,s,u,c,h,a,s,p,e,t,s,’,b,e,i,n,g,e,x,p,e,n,s,i,v,e,t,o,t,a,k,e,c,a,r,e,o,f,.,T,o,s,t,a,r,t,w,i,t,h,,,p,e,t,s,a,r,e,g,r,e,a,t,c,o,m,p,a,n,i,o,n,s,f,o,r,t,h,e,i,r,o,w,n,e,r,s,a,n,d,s,h,a,r,e,t,h,e,i,r,l,o,n,e,l,i,n,e,s,s,.,P,e,t,s,s,u,c,h,a,s,d,o,g,s,f,o,l,l,o,w,t,h,e,i,r,o,w,n,e,r,s,',o,r,d,e,r,s,a,n,d,t,h,e,y,a,l,s,o,l,i,k,e,t,o,p,l,a,y,w,i,t,h,t,h,e,i,r,o,w,n,e,r,s,.,E,v,e,n,i,f,o,n,e,i,s,a,l,l,a,l,o,n,e,,,t,h,e,i,r,p,e,t,w,i,l,l,a,l,w,a,y,s,b,e,t,h,e,r,e,f,o,r,t,h,e,m,.,M,o,r,e,o,v,e,r,,,p,e,t,s,s,u,c,h,a,s,d,o,g,s,m,a,k,e,t,h,e,i,r,o,w,n,e,r,s,f,e,e,l,s,e,c,u,r,e,b,y,p,r,o,t,e,c,t,i,n,g,t,h,e,m,f,r,o,m,v,a,r,i,o,u,s,t,h,r,e,a,t,s,.,F,o,r,i,n,s,t,a,n,c,e,,,i,f,a,d,o,g,',s,o,w,n,e,r,i,s,a,t,t,a,c,k,e,d,b,y,s,o,m,e,o,n,e,,,i,t,w,i,l,l,r,e,s,p,o,n,d,b,y,b,a,r,k,i,n,g,o,r,e,v,e,n,a,t,t,a,c,k,i,n,g,t,h,e,a,t,t,a,c,k,e,r,.,A,n,o,t,h,e,r,a,d,v,a,n,t,a,g,e,o,f,k,e,e,p,i,n,g,a,p,e,t,i,s,t,h,a,t,h,o,m,e,l,e,s,s,a,n,i,m,a,l,s,f,i,n,d,t,h,e,m,s,e,l,v,e,s,a,h,o,m,e,.,O,t,h,e,r,w,i,s,e,,,t,h,o,s,e,a,n,i,m,a,l,s,c,o,u,l,d,g,e,t,h,u,r,t,s,t,a,y,i,n,g,o,u,t,s,i,d,e,.,T,h,e,y,m,i,g,h,t,n,o,t,f,i,n,d,f,o,o,d,o,r,g,e,t,i,n,f,e,c,t,e,d,s,i,n,c,e,t,h,e,y,a,r,e,n,o,t,v,a,c,c,i,n,a,t,e,d,.,M,o,r,e,o,v,e,r,,,t,h,e,y,f,i,n,d,n,e,w,f,r,i,e,n,d,s,w,h,e,n,t,h,e,y,f,i,n,d,a,n,e,w,h,o,m,e,.,P,e,t,s,a,r,e,e,n,j,o,y,e,d,b,y,c,h,i,l,d,r,e,n,a,n,d,c,h,i,l,d,r,e,n,b,e,c,o,m,e,t,h,e,i,r,b,e,s,t,f,r,i,e,n,d,s,.,
Nis 02, 2020 11:29:30 PM q2.SimpleTextEditor Replace_without_iter
INFO: User want to replace 20. element to "character" without using iterator.
Nis 02, 2020 11:29:30 PM q2.SimpleTextEditor Replace_without_iter
INFO: Program replaces 20. element to "character" without using iterator.
Nis 02, 2020 11:29:30 PM q2.SimpleTextEditor print_logfile
INFO: Current list stuation : 	s,o,m,e,F,o,r,o,v,e,r,e,p,l,a,c,e,c,t,u,c,h,a,r,a,c,t,e,r,l,u,a,r,y,u,s,a,n,d,s,o,f,y,e,a,r,s,,,h,u,m,a,n,s,h,a,v,e,k,e,p,t,a,n,i,m,a,l,s,s,u,c,h,a,s,b,i,r,d,s,,,c,a,t,s,a,n,d,d,o,g,s,a,s,t,h,e,i,r,p,e,t,s,.,M,a,n,y,p,e,o,p,l,e,h,a,v,e,d,e,v,e,l,o,p,e,d,s,u,c,h,c,l,o,s,e,r,e,l,a,t,i,o,n,s,h,i,p,w,i,t,h,t,h,e,i,r,p,e,t,s,t,h,a,t,t,h,e,y,t,r,e,a,t,t,h,e,i,r,p,e,t,s,a,s,m,e,m,b,e,r,s,o,f,t,h,e,i,r,f,a,m,i,l,y,.,S,o,m,e,p,e,t,s,p,r,o,t,e,c,t,t,h,e,i,r,o,w,n,e,r,s,f,r,o,m,t,h,r,e,a,t,s,.,T,h,i,s,i,s,j,u,s,t,o,n,e,a,d,v,a,n,t,a,g,e,o,f,h,a,v,i,n,g,a,p,e,t,.,O,n,t,h,e,o,t,h,e,r,h,a,n,d,,,t,h,e,r,e,a,r,e,s,o,m,e,d,i,s,a,d,v,a,n,t,a,g,e,s,s,u,c,h,a,s,p,e,t,s,’,b,e,i,n,g,e,x,p,e,n,s,i,v,e,t,o,t,a,k,e,c,a,r,e,o,f,.,T,o,s,t,a,r,t,w,i,t,h,,,p,e,t,s,a,r,e,g,r,e,a,t,c,o,m,p,a,n,i,o,n,s,f,o,r,t,h,e,i,r,o,w,n,e,r,s,a,n,d,s,h,a,r,e,t,h,e,i,r,l,o,n,e,l,i,n,e,s,s,.,P,e,t,s,s,u,c,h,a,s,d,o,g,s,f,o,l,l,o,w,t,h,e,i,r,o,w,n,e,r,s,',o,r,d,e,r,s,a,n,d,t,h,e,y,a,l,s,o,l,i,k,e,t,o,p,l,a,y,w,i,t,h,t,h,e,i,r,o,w,n,e,r,s,.,E,v,e,n,i,f,o,n,e,i,s,a,l,l,a,l,o,n,e,,,t,h,e,i,r,p,e,t,w,i,l,l,a,l,w,a,y,s,b,e,t,h,e,r,e,f,o,r,t,h,e,m,.,M,o,r,e,o,v,e,r,,,p,e,t,s,s,u,c,h,a,s,d,o,g,s,m,a,k,e,t,h,e,i,r,o,w,n,e,r,s,f,e,e,l,s,e,c,u,r,e,b,y,p,r,o,t,e,c,t,i,n,g,t,h,e,m,f,r,o,m,v,a,r,i,o,u,s,t,h,r,e,a,t,s,.,F,o,r,i,n,s,t,a,n,c,e,,,i,f,a,d,o,g,',s,o,w,n,e,r,i,s,a,t,t,a,c,k,e,d,b,y,s,o,m,e,o,n,e,,,i,t,w,i,l,l,r,e,s,p,o,n,d,b,y,b,a,r,k,i,n,g,o,r,e,v,e,n,a,t,t,a,c,k,i,n,g,t,h,e,a,t,t,a,c,k,e,r,.,A,n,o,t,h,e,r,a,d,v,a,n,t,a,g,e,o,f,k,e,e,p,i,n,g,a,p,e,t,i,s,t,h,a,t,h,o,m,e,l,e,s,s,a,n,i,m,a,l,s,f,i,n,d,t,h,e,m,s,e,l,v,e,s,a,h,o,m,e,.,O,t,h,e,r,w,i,s,e,,,t,h,o,s,e,a,n,i,m,a,l,s,c,o,u,l,d,g,e,t,h,u,r,t,s,t,a,y,i,n,g,o,u,t,s,i,d,e,.,T,h,e,y,m,i,g,h,t,n,o,t,f,i,n,d,f,o,o,d,o,r,g,e,t,i,n,f,e,c,t,e,d,s,i,n,c,e,t,h,e,y,a,r,e,n,o,t,v,a,c,c,i,n,a,t,e,d,.,M,o,r,e,o,v,e,r,,,t,h,e,y,f,i,n,d,n,e,w,f,r,i,e,n,d,s,w,h,e,n,t,h,e,y,f,i,n,d,a,n,e,w,h,o,m,e,.,P,e,t,s,a,r,e,e,n,j,o,y,e,d,b,y,c,h,i,l,d,r,e,n,a,n,d,c,h,i,l,d,r,e,n,b,e,c,o,m,e,t,h,e,i,r,b,e,s,t,f,r,i,e,n,d,s,.,
Nis 02, 2020 11:29:30 PM q2.Main main
INFO: Working time : 6525600 ns
Nis 02, 2020 11:29:30 PM q2.Main main
INFO: Program is end
